2023-01-05 15:25:05.768 INFO XMen_faces - <module>: Detecté Nader
2023-01-05 15:32:00.655 INFO XMen_faces - Détecté : Nader
2023-01-05 15:33:54.121 INFO XMen_faces - Détecté : Nader
2023-01-05 15:34:07.987 INFO XMen_faces - Détecté : Nader
2023-01-05 15:36:57.719 INFO XMen_faces - Détecté : Nader
2023-01-05 15:37:05.447 INFO XMen_faces - Détecté : ??
2023-01-05 15:37:07.624 INFO XMen_faces - Détecté : Nader
2023-01-05 15:37:19.466 INFO XMen_faces - Détecté : ??
2023-01-05 15:37:22.047 INFO XMen_faces - Détecté : Nader
2023-01-05 15:37:31.869 INFO XMen_faces - Détecté : ??
2023-01-05 15:37:34.305 INFO XMen_faces - Détecté : Nader
2023-01-05 15:41:26.706 INFO XMen_faces - Détecté : Présence : Nader
2023-01-05 15:41:26.935 INFO XMen_faces - Détecté : Abscence : Nader
2023-01-05 15:41:27.594 INFO XMen_faces - Détecté : Présence : Nader
2023-01-05 15:41:32.664 INFO XMen_faces - Détecté : Abscence : Nader
2023-01-05 15:41:46.338 INFO XMen_faces - Détecté : Présence : Nader
2023-01-05 15:41:49.138 INFO XMen_faces - Détecté : Abscence : Nader
2023-01-05 15:41:50.655 INFO XMen_faces - Détecté : Présence : Nader
2023-01-05 15:42:04.394 INFO XMen_faces - Détecté : Abscence : Nader
2023-01-05 15:42:06.033 INFO XMen_faces - Détecté : Présence : Nader
2023-01-05 15:42:15.831 INFO XMen_faces - Détecté : Abscence : Nader
2023-01-05 15:42:27.937 INFO XMen_faces - Détecté : Présence : Nader
2023-01-05 15:42:33.392 INFO XMen_faces - Détecté : Abscence : Nader
2023-01-05 15:42:34.944 INFO XMen_faces - Détecté : Présence : Nader
2023-01-05 15:42:45.513 INFO XMen_faces - Détecté : Abscence : Nader
2023-01-05 15:42:46.906 INFO XMen_faces - Détecté : Présence : Nader
2023-01-05 15:43:06.696 INFO XMen_faces - Détecté : Présence : Inconnu
2023-01-05 15:43:06.907 INFO XMen_faces - Détecté : Abscence : Inconnu
2023-01-05 15:43:07.785 INFO XMen_faces - Détecté : Présence : Inconnu
2023-01-05 15:43:08.400 INFO XMen_faces - Détecté : Présence : Nader
2023-01-05 15:43:28.664 INFO XMen_faces - Détecté : Abscence : Nader
2023-01-05 15:43:31.761 INFO XMen_faces - Détecté : Présence : Nader
2023-01-05 15:43:35.885 INFO XMen_faces - Détecté : Abscence : Nader
2023-01-05 15:43:37.417 INFO XMen_faces - Détecté : Présence : Nader
2023-01-05 15:43:43.686 INFO XMen_faces - Détecté : Abscence : Nader
2023-01-05 15:43:46.815 INFO XMen_faces - Détecté : Présence : Nader
2023-01-05 15:43:47.093 INFO XMen_faces - Détecté : Abscence : Nader
2023-01-05 15:44:01.876 INFO XMen_faces - Détecté : Présence : Nader
2023-01-05 15:44:14.507 INFO XMen_faces - Détecté : Abscence : Nader
2023-01-05 15:44:15.165 INFO XMen_faces - Détecté : Présence : Nader
2023-01-05 15:44:18.033 INFO XMen_faces - Détecté : Abscence : Nader
2023-01-05 15:44:18.679 INFO XMen_faces - Détecté : Présence : Nader
2023-01-05 15:44:20.164 INFO XMen_faces - Détecté : Abscence : Nader
2023-01-05 15:44:20.853 INFO XMen_faces - Détecté : Présence : Inconnu
2023-01-05 15:44:21.496 INFO XMen_faces - Détecté : Présence : Nader
2023-01-05 15:45:08.409 INFO XMen_faces - Détecté : Présence : Inconnu
2023-01-05 15:45:09.070 INFO XMen_faces - Détecté : Présence : Nader
2023-01-05 15:45:10.671 INFO XMen_faces - Détecté : Abscence : Nader
2023-01-05 15:45:11.376 INFO XMen_faces - Détecté : Présence : Nader
2023-01-05 15:46:32.970 INFO XMen_faces - Détecté : Présence : Nader
2023-01-05 15:48:46.596 INFO XMen_faces - Détecté : Présence : Nader
2023-01-05 15:49:09.798 INFO XMen_faces - Détecté : Présence : Nader
2023-01-05 15:49:10.029 INFO XMen_faces - Détecté : Abscence : Nader
2023-01-05 15:49:11.460 INFO XMen_faces - Détecté : Présence : Nader
2023-01-05 15:49:48.899 INFO XMen_faces - Détecté : Présence : Nader
2023-01-05 15:49:51.792 INFO XMen_faces - Détecté : Abscence : Nader
2023-01-05 15:49:52.494 INFO XMen_faces - Détecté : Présence : Nader
2023-01-05 15:49:54.097 INFO XMen_faces - Détecté : Abscence : Nader
2023-01-05 15:49:58.047 INFO XMen_faces - Détecté : Présence : Nader
2023-01-05 15:50:32.042 INFO XMen_faces - Détecté : Présence : Nader
2023-01-05 15:50:52.335 INFO XMen_faces - Détecté : Présence : Nader
2023-01-05 15:52:00.619 INFO XMen_faces - Détecté : Présence : Nader
2023-01-05 15:52:19.665 INFO XMen_faces - Détecté : Abscence : Nader
2023-01-05 15:52:22.683 INFO XMen_faces - Détecté : Présence : Nader
2023-01-05 15:52:32.905 INFO XMen_faces - Détecté : Abscence : Nader
2023-01-05 15:52:33.545 INFO XMen_faces - Détecté : Présence : Nader
2023-01-05 15:52:38.959 INFO XMen_faces - Détecté : Abscence : Nader
2023-01-05 15:52:40.447 INFO XMen_faces - Détecté : Présence : Nader
2023-01-05 15:52:42.637 INFO XMen_faces - Détecté : Abscence : Nader
2023-01-05 15:52:43.536 INFO XMen_faces - Détecté : Présence : Nader
2023-01-05 15:52:45.698 INFO XMen_faces - Détecté : Abscence : Nader
2023-01-05 15:52:52.853 INFO XMen_faces - Détecté : Présence : Nader
2023-01-05 15:52:53.073 INFO XMen_faces - Détecté : Abscence : Nader
2023-01-05 15:52:54.254 INFO XMen_faces - Détecté : Présence : Nader
2023-01-05 15:52:55.757 INFO XMen_faces - Détecté : Abscence : Nader
2023-01-05 15:53:02.231 INFO XMen_faces - Détecté : Présence : Nader
2023-01-05 15:53:02.446 INFO XMen_faces - Détecté : Abscence : Nader
2023-01-05 15:53:03.564 INFO XMen_faces - Détecté : Présence : Nader
2023-01-05 15:53:03.771 INFO XMen_faces - Détecté : Abscence : Nader
2023-01-05 15:53:11.752 INFO XMen_faces - Détecté : Présence : Nader
2023-01-05 15:53:12.824 INFO XMen_faces - Détecté : Abscence : Nader
2023-01-05 15:53:19.343 INFO XMen_faces - Détecté : Présence : Inconnu
2023-01-05 15:53:20.624 INFO XMen_faces - Détecté : Présence : Nader
2023-01-05 15:53:22.798 INFO XMen_faces - Détecté : Abscence : Nader
2023-01-05 15:54:07.633 INFO XMen_faces - Détecté : Présence : Nader
2023-01-05 20:58:57.616 INFO XMen_faces - Détecté : Présence : Nader
2023-01-05 20:58:58.484 INFO XMen_faces - Détecté : Abscence : Nader
2023-01-05 20:58:59.380 INFO XMen_faces - Détecté : Présence : Charles_Xavier
2023-01-05 20:59:00.019 INFO XMen_faces - Détecté : Présence : Nader
2023-01-06 09:21:05.155 INFO XMen_faces - Détecté : Présence : Inconnu
2023-01-06 09:21:06.286 INFO XMen_faces - Détecté : Présence : Nader
2023-01-06 09:21:09.269 INFO XMen_faces - Détecté : Présence : Inconnu
2023-01-06 09:21:11.892 INFO XMen_faces - Détecté : Présence : Charles_Xavier
2023-01-06 09:21:12.866 INFO XMen_faces - Détecté : Présence : Inconnu
2023-01-06 09:21:19.300 INFO XMen_faces - Détecté : Présence : Nader
2023-01-06 09:21:37.555 INFO XMen_faces - Détecté : Présence : Charles_Xavier
2023-01-06 09:21:38.164 INFO XMen_faces - Détecté : Présence : Inconnu
2023-01-06 09:21:39.737 INFO XMen_faces - Détecté : Présence : Nader
2023-01-06 09:21:40.463 INFO XMen_faces - Détecté : Présence : Inconnu
2023-01-06 09:21:41.075 INFO XMen_faces - Détecté : Présence : Charles_Xavier
2023-01-06 09:21:42.137 INFO XMen_faces - Détecté : Présence : Inconnu
2023-01-06 09:30:20.443 INFO XMen_faces - Détecté : Présence : Inconnu
2023-01-06 09:30:20.924 INFO XMen_faces - Détecté : Abscence : Inconnu
2023-01-06 09:30:22.660 INFO XMen_faces - Détecté : Présence : Inconnu
2023-01-06 09:30:25.423 INFO XMen_faces - Détecté : Abscence : Inconnu
2023-01-06 09:30:26.039 INFO XMen_faces - Détecté : Présence : Inconnu
2023-01-06 09:30:26.231 INFO XMen_faces - Détecté : Abscence : Inconnu
2023-01-06 09:30:26.863 INFO XMen_faces - Détecté : Présence : Inconnu
2023-01-06 09:40:47.409 INFO XMen_faces - Détecté : Présence : Inconnu
2023-01-06 09:41:05.529 INFO XMen_faces - Détecté : Présence : Nader
2023-01-06 09:41:47.971 INFO XMen_faces - Détecté : Abscence : Nader
2023-01-06 09:41:53.152 INFO XMen_faces - Détecté : Présence : Nader
2023-01-06 09:42:10.141 INFO XMen_faces - Détecté : Abscence : Nader
2023-01-06 09:42:11.993 INFO XMen_faces - Détecté : Présence : Nader
2023-01-06 09:42:26.182 INFO XMen_faces - Détecté : Abscence : Nader
2023-01-06 09:42:27.914 INFO XMen_faces - Détecté : Présence : Nader
2023-01-06 09:42:28.516 INFO XMen_faces - Détecté : Abscence : Nader
2023-01-06 09:42:35.218 INFO XMen_faces - Détecté : Présence : Nader
2023-01-06 09:42:35.763 INFO XMen_faces - Détecté : Abscence : Nader
2023-01-06 09:42:41.484 INFO XMen_faces - Détecté : Présence : Nader
2023-01-06 09:42:46.657 INFO XMen_faces - Détecté : Abscence : Nader
2023-01-06 09:42:48.336 INFO XMen_faces - Détecté : Présence : Nader
2023-01-06 09:42:48.847 INFO XMen_faces - Détecté : Abscence : Nader
2023-01-06 09:42:52.135 INFO XMen_faces - Détecté : Présence : Nader
2023-01-06 09:42:56.959 INFO XMen_faces - Détecté : Abscence : Nader
2023-01-06 09:43:01.014 INFO XMen_faces - Détecté : Présence : Nader
2023-01-06 09:43:01.422 INFO XMen_faces - Détecté : Abscence : Nader
2023-01-06 10:03:59.021 INFO XMen_faces - Détecté : Présence : Inconnu
2023-01-06 10:03:59.847 INFO XMen_faces - Détecté : Abscence : Inconnu
2023-01-06 10:05:38.519 INFO XMen_faces - Détecté : Présence : Nader
2023-01-06 10:05:45.410 INFO XMen_faces - Détecté : Abscence : Nader
2023-01-06 10:05:53.707 INFO XMen_faces - Détecté : Présence : Nader
2023-01-06 10:06:04.114 INFO XMen_faces - Détecté : Abscence : Nader
2023-01-06 10:06:10.918 INFO XMen_faces - Détecté : Présence : Charles_Xavier
2023-01-06 10:06:11.700 INFO XMen_faces - Détecté : Présence : Inconnu
2023-01-06 10:06:23.983 INFO XMen_faces - Détecté : Présence : Khalil
2023-01-06 10:06:29.617 INFO XMen_faces - Détecté : Abscence : Khalil
2023-01-06 10:06:32.640 INFO XMen_faces - Détecté : Présence : Khalil
2023-01-06 10:06:43.396 INFO XMen_faces - Détecté : Abscence : Khalil
2023-01-06 10:06:52.245 INFO XMen_faces - Détecté : Présence : Khalil
2023-01-06 10:06:53.425 INFO XMen_faces - Détecté : Présence : Nader
2023-01-06 10:06:54.643 INFO XMen_faces - Détecté : Présence : Khalil
2023-01-06 10:06:57.176 INFO XMen_faces - Détecté : Présence : Nader
2023-01-06 10:07:00.932 INFO XMen_faces - Détecté : Présence : Khalil
2023-01-06 10:07:02.099 INFO XMen_faces - Détecté : Présence : Nader
2023-01-06 10:07:03.341 INFO XMen_faces - Détecté : Présence : Khalil
2023-01-06 10:07:04.536 INFO XMen_faces - Détecté : Présence : Nader
2023-01-06 10:07:05.294 INFO XMen_faces - Détecté : Présence : Khalil
2023-01-06 10:07:05.552 INFO XMen_faces - Détecté : Abscence : Khalil
2023-01-06 10:07:09.491 INFO XMen_faces - Détecté : Présence : Khalil
2023-01-06 10:07:13.854 INFO XMen_faces - Détecté : Abscence : Khalil
2023-01-06 10:07:23.683 INFO XMen_faces - Détecté : Présence : Khalil
2023-01-06 10:07:28.332 INFO XMen_faces - Détecté : Abscence : Khalil
2023-01-06 10:07:29.306 INFO XMen_faces - Détecté : Présence : Khalil
2023-01-06 10:07:31.074 INFO XMen_faces - Détecté : Abscence : Khalil
2023-01-06 10:07:32.125 INFO XMen_faces - Détecté : Présence : Nader
2023-01-06 10:07:34.314 INFO XMen_faces - Détecté : Présence : Inconnu
2023-01-06 10:07:34.541 INFO XMen_faces - Détecté : Abscence : Inconnu
2023-01-06 10:07:35.284 INFO XMen_faces - Détecté : Présence : Inconnu
2023-01-06 10:07:36.019 INFO XMen_faces - Détecté : Présence : Nader
2023-01-06 10:10:43.265 INFO XMen_faces - Détecté : Présence : Inconnu
2023-01-06 10:10:45.750 INFO XMen_faces - Détecté : Présence : Wolverine
2023-01-06 10:10:47.946 INFO XMen_faces - Détecté : Présence : Inconnu
2023-01-06 10:10:49.245 INFO XMen_faces - Détecté : Abscence : Inconnu
2023-01-06 10:10:50.454 INFO XMen_faces - Détecté : Présence : Inconnu
2023-01-06 10:10:50.723 INFO XMen_faces - Détecté : Abscence : Inconnu
2023-01-06 10:10:52.491 INFO XMen_faces - Détecté : Présence : Inconnu
2023-01-06 10:10:52.776 INFO XMen_faces - Détecté : Abscence : Inconnu
2023-01-06 10:10:55.461 INFO XMen_faces - Détecté : Présence : Inconnu
2023-01-06 10:11:04.281 INFO XMen_faces - Détecté : Abscence : Inconnu
2023-01-06 10:11:05.073 INFO XMen_faces - Détecté : Présence : Inconnu
2023-01-06 10:11:06.089 INFO XMen_faces - Détecté : Abscence : Inconnu
2023-01-06 10:11:06.889 INFO XMen_faces - Détecté : Présence : Wajih
2023-01-06 10:11:10.380 INFO XMen_faces - Détecté : Abscence : Wajih
2023-01-06 10:11:11.497 INFO XMen_faces - Détecté : Présence : Inconnu
2023-01-06 10:11:20.366 INFO XMen_faces - Détecté : Présence : Nader
2023-01-06 10:11:21.082 INFO XMen_faces - Détecté : Présence : Khalil
2023-01-06 10:11:24.138 INFO XMen_faces - Détecté : Abscence : Khalil
2023-01-06 10:11:25.952 INFO XMen_faces - Détecté : Présence : Khalil
2023-01-06 10:11:27.194 INFO XMen_faces - Détecté : Présence : Nader
2023-01-06 10:11:27.891 INFO XMen_faces - Détecté : Présence : Khalil
2023-01-06 10:11:29.172 INFO XMen_faces - Détecté : Présence : Nader
2023-01-06 10:11:31.653 INFO XMen_faces - Détecté : Présence : Khalil
2023-01-06 10:11:34.593 INFO XMen_faces - Détecté : Présence : Nader
2023-01-06 10:11:39.107 INFO XMen_faces - Détecté : Présence : Khalil
2023-01-06 10:11:40.832 INFO XMen_faces - Détecté : Présence : Nader
2023-01-06 10:11:42.463 INFO XMen_faces - Détecté : Présence : Khalil
2023-01-06 10:11:57.960 INFO XMen_faces - Détecté : Abscence : Khalil
2023-01-06 10:11:59.566 INFO XMen_faces - Détecté : Présence : Khalil
2023-01-06 10:12:21.662 INFO XMen_faces - Détecté : Présence : Nader
2023-01-06 10:12:27.970 INFO XMen_faces - Détecté : Présence : Khalil
2023-01-06 10:12:30.672 INFO XMen_faces - Détecté : Présence : Nader
2023-01-06 10:12:33.634 INFO XMen_faces - Détecté : Abscence : Nader
2023-01-06 10:12:34.781 INFO XMen_faces - Détecté : Présence : Nader
2023-01-06 10:12:35.995 INFO XMen_faces - Détecté : Présence : Khalil
2023-01-06 10:12:38.118 INFO XMen_faces - Détecté : Présence : Nader
2023-01-06 10:12:42.784 INFO XMen_faces - Détecté : Présence : Khalil
2023-01-06 10:12:44.511 INFO XMen_faces - Détecté : Présence : Nader
2023-01-06 10:12:50.700 INFO XMen_faces - Détecté : Présence : Khalil
2023-01-06 10:12:51.267 INFO XMen_faces - Détecté : Abscence : Khalil
2023-01-06 10:12:52.932 INFO XMen_faces - Détecté : Présence : Khalil
2023-01-06 10:12:56.806 INFO XMen_faces - Détecté : Abscence : Khalil
2023-01-06 10:12:59.812 INFO XMen_faces - Détecté : Présence : Nader
2023-01-06 10:13:02.685 INFO XMen_faces - Détecté : Présence : Khalil
2023-01-06 10:13:05.012 INFO XMen_faces - Détecté : Présence : Nader
2023-01-06 10:13:07.902 INFO XMen_faces - Détecté : Présence : Khalil
2023-01-06 10:13:15.109 INFO XMen_faces - Détecté : Présence : Nader
2023-01-06 10:13:19.579 INFO XMen_faces - Détecté : Présence : Khalil
2023-01-06 10:13:22.543 INFO XMen_faces - Détecté : Présence : Nader
2023-01-06 10:13:25.523 INFO XMen_faces - Détecté : Présence : Khalil
2023-01-06 10:13:26.864 INFO XMen_faces - Détecté : Présence : Nader
2023-01-06 10:13:28.169 INFO XMen_faces - Détecté : Présence : Khalil
2023-01-06 10:13:28.509 INFO XMen_faces - Détecté : Abscence : Khalil
2023-01-06 10:13:30.546 INFO XMen_faces - Détecté : Présence : Nader
2023-01-06 10:13:32.246 INFO XMen_faces - Détecté : Présence : Khalil
2023-01-06 10:13:36.244 INFO XMen_faces - Détecté : Abscence : Khalil
2023-01-06 10:13:37.916 INFO XMen_faces - Détecté : Présence : Khalil
2023-01-06 10:13:42.663 INFO XMen_faces - Détecté : Présence : Nader
2023-01-06 10:13:44.443 INFO XMen_faces - Détecté : Présence : Khalil
2023-01-06 10:13:47.572 INFO XMen_faces - Détecté : Présence : Nader
2023-01-06 10:13:49.207 INFO XMen_faces - Détecté : Présence : Khalil
2023-01-06 10:13:54.573 INFO XMen_faces - Détecté : Présence : Nader
2023-01-06 10:14:08.462 INFO XMen_faces - Détecté : Présence : Khalil
2023-01-06 10:14:10.072 INFO XMen_faces - Détecté : Présence : Nader
2023-01-06 10:14:15.839 INFO XMen_faces - Détecté : Présence : Khalil
2023-01-06 10:14:17.258 INFO XMen_faces - Détecté : Présence : Nader
2023-01-06 10:14:22.554 INFO XMen_faces - Détecté : Abscence : Nader
2023-01-06 10:14:24.592 INFO XMen_faces - Détecté : Présence : Nader
2023-01-06 10:14:25.179 INFO XMen_faces - Détecté : Abscence : Nader
2023-01-06 10:14:26.898 INFO XMen_faces - Détecté : Présence : Nader
2023-01-06 10:14:34.660 INFO XMen_faces - Détecté : Abscence : Nader
2023-01-06 10:14:36.342 INFO XMen_faces - Détecté : Présence : Nader
2023-01-06 10:14:38.391 INFO XMen_faces - Détecté : Abscence : Nader
2023-01-06 10:14:40.162 INFO XMen_faces - Détecté : Présence : Nader
2023-01-06 10:14:44.261 INFO XMen_faces - Détecté : Abscence : Nader
2023-01-06 10:14:48.576 INFO XMen_faces - Détecté : Présence : Nader
2023-01-06 10:14:52.315 INFO XMen_faces - Détecté : Abscence : Nader
2023-01-06 10:14:54.566 INFO XMen_faces - Détecté : Présence : Nader
2023-01-06 10:14:58.258 INFO XMen_faces - Détecté : Abscence : Nader
2023-01-06 10:14:59.014 INFO XMen_faces - Détecté : Présence : Nader
2023-01-06 10:49:06.791 INFO XMen_faces - Détecté : Présence : Nader
2023-01-06 10:49:07.062 INFO XMen_faces - Détecté : Abscence : Nader
2023-01-06 10:49:09.096 INFO XMen_faces - Détecté : Présence : Nader
2023-01-06 10:49:09.377 INFO XMen_faces - Détecté : Abscence : Nader
2023-01-06 10:49:10.237 INFO XMen_faces - Détecté : Présence : Nader
2023-01-06 10:49:10.495 INFO XMen_faces - Détecté : Abscence : Nader
2023-01-06 10:49:12.211 INFO XMen_faces - Détecté : Présence : Nader
2023-01-06 10:49:14.108 INFO XMen_faces - Détecté : Abscence : Nader
2023-01-06 10:49:26.316 INFO XMen_faces - Détecté : Présence : Nader
2023-01-06 10:49:27.955 INFO XMen_faces - Détecté : Abscence : Nader
2023-01-06 10:49:31.499 INFO XMen_faces - Détecté : Présence : Nader
2023-01-06 10:49:34.521 INFO XMen_faces - Détecté : Abscence : Nader
2023-01-06 10:49:35.477 INFO XMen_faces - Détecté : Présence : Nader
2023-01-06 10:49:35.701 INFO XMen_faces - Détecté : Abscence : Nader
2023-01-06 10:49:36.381 INFO XMen_faces - Détecté : Présence : Nader
2023-01-06 10:49:38.006 INFO XMen_faces - Détecté : Abscence : Nader
2023-01-06 10:49:40.548 INFO XMen_faces - Détecté : Présence : Nader
2023-01-06 10:49:40.766 INFO XMen_faces - Détecté : Abscence : Nader
2023-01-06 10:49:42.311 INFO XMen_faces - Détecté : Présence : Nader
2023-01-06 10:49:42.532 INFO XMen_faces - Détecté : Abscence : Nader
2023-01-06 10:49:46.833 INFO XMen_faces - Détecté : Présence : Nader
2023-01-06 10:49:47.054 INFO XMen_faces - Détecté : Abscence : Nader
2023-01-06 10:49:53.234 INFO XMen_faces - Détecté : Présence : Nader
2023-01-06 10:49:54.185 INFO XMen_faces - Détecté : Abscence : Nader
2023-01-06 10:49:56.120 INFO XMen_faces - Détecté : Présence : Nader
2023-01-06 10:49:58.524 INFO XMen_faces - Détecté : Abscence : Nader
2023-01-06 10:50:00.636 INFO XMen_faces - Détecté : Présence : Nader
2023-01-06 10:50:05.178 INFO XMen_faces - Détecté : Abscence : Nader
2023-01-06 10:50:05.883 INFO XMen_faces - Détecté : Présence : Nader
2023-01-06 10:50:07.483 INFO XMen_faces - Détecté : Abscence : Nader
2023-01-06 10:50:08.598 INFO XMen_faces - Détecté : Présence : Nader
2023-01-06 10:50:14.654 INFO XMen_faces - Détecté : Abscence : Nader
2023-01-06 10:50:15.620 INFO XMen_faces - Détecté : Présence : Nader
2023-01-06 10:50:15.863 INFO XMen_faces - Détecté : Abscence : Nader
2023-01-06 10:50:17.510 INFO XMen_faces - Détecté : Présence : Nader
2023-01-06 10:50:17.741 INFO XMen_faces - Détecté : Abscence : Nader
2023-01-06 10:50:19.365 INFO XMen_faces - Détecté : Présence : Nader
2023-01-06 10:52:57.169 INFO XMen_faces - Détecté : Présence : Nader
2023-01-06 10:52:57.384 INFO XMen_faces - Détecté : Abscence : Nader
2023-01-06 10:53:02.548 INFO XMen_faces - Détecté : Présence : Nader
2023-01-06 10:53:03.540 INFO XMen_faces - Détecté : Abscence : Nader
2023-01-06 10:53:05.492 INFO XMen_faces - Détecté : Présence : Nader
2023-01-06 10:53:05.717 INFO XMen_faces - Détecté : Abscence : Nader
2023-01-06 10:55:40.837 INFO XMen_faces - Détecté : Présence : Nader
2023-01-06 10:55:41.100 INFO XMen_faces - Détecté : Abscence : Nader
2023-01-06 10:55:43.013 INFO XMen_faces - Détecté : Présence : Nader
2023-01-06 10:56:41.087 INFO XMen_faces - Détecté : Présence : Nader
2023-01-06 10:56:41.310 INFO XMen_faces - Détecté : Abscence : Nader
2023-01-06 10:56:41.991 INFO XMen_faces - Détecté : Présence : Nader
2023-01-06 11:00:39.820 INFO XMen_faces - Détecté : Présence : Nader
2023-01-06 11:00:40.049 INFO XMen_faces - Détecté : Abscence : Nader
2023-01-06 11:00:40.751 INFO XMen_faces - Détecté : Présence : Nader
2023-01-06 11:00:42.435 INFO XMen_faces - Détecté : Abscence : Nader
2023-01-06 11:00:43.332 INFO XMen_faces - Détecté : Présence : Nader
2023-01-06 11:01:21.532 INFO XMen_faces - Détecté : Présence : Nader
2023-01-06 11:01:23.312 INFO XMen_faces - Détecté : Abscence : Nader
2023-01-06 11:01:25.611 INFO XMen_faces - Détecté : Présence : Nader
2023-01-06 11:01:25.863 INFO XMen_faces - Détecté : Abscence : Nader
2023-01-06 11:01:28.161 INFO XMen_faces - Détecté : Présence : Nader
2023-01-06 11:02:19.900 INFO XMen_faces - Détecté : Présence : Nader
2023-01-06 11:02:21.764 INFO XMen_faces - Détecté : Abscence : Nader
2023-01-06 11:03:46.947 INFO XMen_faces - Détecté : Présence : Nader
2023-01-06 11:03:49.351 INFO XMen_faces - Détecté : Abscence : Nader
2023-01-06 11:03:55.657 INFO XMen_faces - Détecté : Présence : Nader
2023-01-06 11:03:55.896 INFO XMen_faces - Détecté : Abscence : Nader
2023-01-06 11:03:56.833 INFO XMen_faces - Détecté : Présence : Nader
2023-01-06 11:03:57.798 INFO XMen_faces - Détecté : Abscence : Nader
2023-01-06 11:03:58.734 INFO XMen_faces - Détecté : Présence : Nader
2023-01-06 11:03:58.963 INFO XMen_faces - Détecté : Abscence : Nader
2023-01-06 11:04:00.133 INFO XMen_faces - Détecté : Présence : Nader
2023-01-06 11:04:01.093 INFO XMen_faces - Détecté : Abscence : Nader
2023-01-06 11:04:02.738 INFO XMen_faces - Détecté : Présence : Nader
2023-01-06 11:04:03.698 INFO XMen_faces - Détecté : Abscence : Nader
2023-01-06 11:04:05.359 INFO XMen_faces - Détecté : Présence : Nader
2023-01-06 11:04:05.601 INFO XMen_faces - Détecté : Abscence : Nader
2023-01-06 11:04:06.981 INFO XMen_faces - Détecté : Présence : Nader
2023-01-06 11:04:07.219 INFO XMen_faces - Détecté : Abscence : Nader
2023-01-06 11:04:07.886 INFO XMen_faces - Détecté : Présence : Nader
2023-01-06 11:04:11.278 INFO XMen_faces - Détecté : Présence : Inconnu
2023-01-06 11:04:30.601 INFO XMen_faces - Détecté : Présence : Nader
2023-01-06 11:04:32.440 INFO XMen_faces - Détecté : Présence : Khalil
2023-01-06 11:04:33.164 INFO XMen_faces - Détecté : Présence : Inconnu
2023-01-06 11:04:33.882 INFO XMen_faces - Détecté : Présence : Nader
2023-01-06 11:04:35.014 INFO XMen_faces - Détecté : Présence : Inconnu
2023-01-06 11:04:36.231 INFO XMen_faces - Détecté : Présence : Nader
2023-01-06 11:04:39.392 INFO XMen_faces - Détecté : Présence : Inconnu
2023-01-06 11:04:41.653 INFO XMen_faces - Détecté : Présence : Khalil
2023-01-06 11:04:49.370 INFO XMen_faces - Détecté : Présence : Amir
2023-01-06 11:04:53.047 INFO XMen_faces - Détecté : Abscence : Amir
2023-01-06 11:04:55.867 INFO XMen_faces - Détecté : Présence : Amir
2023-01-06 11:04:59.421 INFO XMen_faces - Détecté : Abscence : Amir
2023-01-06 11:05:00.542 INFO XMen_faces - Détecté : Présence : Amir
2023-01-06 11:05:02.396 INFO XMen_faces - Détecté : Présence : Nader
2023-01-06 11:05:06.084 INFO XMen_faces - Détecté : Abscence : Nader
2023-01-06 11:05:07.238 INFO XMen_faces - Détecté : Présence : Nader
2023-01-06 11:48:24.900 INFO XMen_faces - Détecté : Présence : Nader
2023-01-06 11:48:26.050 INFO XMen_faces - Détecté : Abscence : Nader
2023-01-06 11:48:27.231 INFO XMen_faces - Détecté : Présence : Nader
2023-01-06 11:48:29.775 INFO XMen_faces - Détecté : Présence : Inconnu
2023-01-06 11:48:30.601 INFO XMen_faces - Détecté : Présence : Wajih
2023-01-06 11:48:31.363 INFO XMen_faces - Détecté : Présence : Inconnu
2023-01-06 11:48:32.175 INFO XMen_faces - Détecté : Présence : Wajih
2023-01-06 11:48:32.966 INFO XMen_faces - Détecté : Présence : Inconnu
2023-01-06 11:48:33.256 INFO XMen_faces - Détecté : Abscence : Inconnu
2023-01-06 11:48:37.870 INFO XMen_faces - Détecté : Présence : Inconnu
2023-01-06 11:48:41.072 INFO XMen_faces - Détecté : Présence : Wajih
2023-01-06 11:48:43.383 INFO XMen_faces - Détecté : Présence : Inconnu
2023-01-06 11:48:45.680 INFO XMen_faces - Détecté : Présence : Wajih
2023-01-06 11:48:46.451 INFO XMen_faces - Détecté : Présence : Inconnu
2023-01-06 11:48:51.050 INFO XMen_faces - Détecté : Présence : Wajih
2023-01-06 11:48:57.161 INFO XMen_faces - Détecté : Présence : Hamza
2023-01-06 11:48:59.636 INFO XMen_faces - Détecté : Abscence : Hamza
2023-01-06 11:49:01.471 INFO XMen_faces - Détecté : Présence : Hamza
2023-01-06 11:49:04.593 INFO XMen_faces - Détecté : Abscence : Hamza
2023-01-06 11:49:05.511 INFO XMen_faces - Détecté : Présence : Hamza
2023-01-06 11:49:15.900 INFO XMen_faces - Détecté : Présence : Nader
2023-01-06 11:49:19.518 INFO XMen_faces - Détecté : Présence : Inconnu
2023-01-06 11:49:20.712 INFO XMen_faces - Détecté : Présence : Hamza
2023-01-06 11:49:23.229 INFO XMen_faces - Détecté : Présence : Nader
2023-01-06 11:49:39.067 INFO XMen_faces - Détecté : Abscence : Nader
2023-01-06 11:49:41.233 INFO XMen_faces - Détecté : Présence : Nader
2023-01-06 11:49:46.534 INFO XMen_faces - Détecté : Abscence : Nader
2023-01-06 11:49:47.763 INFO XMen_faces - Détecté : Présence : Nader
